<?xml version="1.0" encoding="UTF-8"?>
<testsuite name="com.makswin.bifrost.MiscServiceTest" tests="1" skipped="0" failures="0" errors="0" timestamp="2022-01-24T22:05:42" hostname="alkns-mbp" time="0.31">
  <properties/>
  <testcase name="testCallingCodes" classname="com.makswin.bifrost.MiscServiceTest" time="0.31"/>
  <system-out><![CDATA[]]></system-out>
  <system-err><![CDATA[]]></system-err>
</testsuite>
